To Do/build/app/intermediates/manifest_merge_blame_file/debug/manifest-merger-blame-debug-report.txt
1<?xml version="1.0" encoding="utf-8"?>
2<manifest xmlns:android="http://schemas.android.com/apk/res/android"
3    package="com.example.to_do"
4    android:versionCode="1"
5    android:versionName="1.0.0" >
6
7    <uses-sdk
8        android:minSdkVersion="16"
9        android:targetSdkVersion="31" />
10    <!--
11         The INTERNET permission is required for development. Specifically,
12         the Flutter tool needs it to communicate with the running application
13         to allow setting breakpoints, to provide hot reload, etc.
14    -->
15    <uses-permission android:name="android.permission.INTERNET" />
15-->src\debug\AndroidManifest.xml:7:5-66
15-->src\debug\AndroidManifest.xml:7:22-64
16    <uses-permission android:name="android.permission.RECEIVE_BOOT_COMPLETED" />
16-->[:flutter_local_notifications] AndroidManifest.xml:9:5-81
16-->[:flutter_local_notifications] AndroidManifest.xml:9:22-78
17    <uses-permission android:name="android.permission.VIBRATE" />
17-->[:flutter_local_notifications] AndroidManifest.xml:10:5-66
17-->[:flutter_local_notifications] AndroidManifest.xml:10:22-63
18    <uses-permission android:name="android.permission.USE_FULL_SCREEN_INTENT" />
18-->[:flutter_local_notifications] AndroidManifest.xml:11:5-81
18-->[:flutter_local_notifications] AndroidManifest.xml:11:22-78
19    <uses-permission android:name="android.permission.SCHEDULE_EXACT_ALARM" />
19-->[:flutter_local_notifications] AndroidManifest.xml:12:5-79
19-->[:flutter_local_notifications] AndroidManifest.xml:12:22-76
20    <uses-permission android:name="android.permission.POST_NOTIFICATIONS" />
20-->[:flutter_local_notifications] AndroidManifest.xml:13:5-77
20-->[:flutter_local_notifications] AndroidManifest.xml:13:22-74
21
22    <application
23        android:name="android.app.Application"
24        android:appComponentFactory="androidx.core.app.CoreComponentFactory"
24-->[androidx.core:core:1.6.0] AndroidManifest.xml:24:18-86
25        android:debuggable="true"
26        android:icon="@mipmap/ic_launcher"
27        android:label="To Do" >
28        <activity
29            android:name="com.example.to_do.MainActivity"
30            android:configChanges="orientation|keyboardHidden|keyboard|screenSize|smallestScreenSize|locale|layoutDirection|fontScale|screenLayout|density|uiMode"
31            android:exported="true"
32            android:hardwareAccelerated="true"
33            android:launchMode="singleTop"
34            android:showWhenLocked="true"
35            android:theme="@style/LaunchTheme"
36            android:turnScreenOn="true"
37            android:windowSoftInputMode="adjustResize" >
38
39            <!--
40                 Specifies an Android theme to apply to this Activity as soon as
41                 the Android process has started. This theme is visible to the user
42                 while the Flutter UI initializes. After that, this theme continues
43                 to determine the Window background behind the Flutter UI.
44            -->
45            <meta-data
46                android:name="io.flutter.embedding.android.NormalTheme"
47                android:resource="@style/NormalTheme" />
48
49            <intent-filter>
50                <action android:name="android.intent.action.MAIN" />
51
52                <category android:name="android.intent.category.LAUNCHER" />
53            </intent-filter>
54        </activity>
55        <!--
56             Don't delete the meta-data below.
57             This is used by the Flutter tool to generate GeneratedPluginRegistrant.java
58        -->
59        <meta-data
60            android:name="flutterEmbedding"
61            android:value="2" />
62
63        <receiver
63-->[:flutter_local_notifications] AndroidManifest.xml:16:9-18:40
64            android:name="com.dexterous.flutterlocalnotifications.ActionBroadcastReceiver"
64-->[:flutter_local_notifications] AndroidManifest.xml:17:13-91
65            android:exported="false" />
65-->[:flutter_local_notifications] AndroidManifest.xml:18:13-37
66        <receiver
66-->[:flutter_local_notifications] AndroidManifest.xml:19:9-21:40
67            android:name="com.dexterous.flutterlocalnotifications.ScheduledNotificationReceiver"
67-->[:flutter_local_notifications] AndroidManifest.xml:20:13-97
68            android:exported="false" />
68-->[:flutter_local_notifications] AndroidManifest.xml:21:13-37
69        <receiver
69-->[:flutter_local_notifications] AndroidManifest.xml:22:9-31:20
70            android:name="com.dexterous.flutterlocalnotifications.ScheduledNotificationBootReceiver"
70-->[:flutter_local_notifications] AndroidManifest.xml:23:13-101
71            android:exported="false" >
71-->[:flutter_local_notifications] AndroidManifest.xml:24:13-37
72            <intent-filter>
72-->[:flutter_local_notifications] AndroidManifest.xml:25:13-30:29
73                <action android:name="android.intent.action.BOOT_COMPLETED" />
73-->[:flutter_local_notifications] AndroidManifest.xml:26:17-79
73-->[:flutter_local_notifications] AndroidManifest.xml:26:25-76
74                <action android:name="android.intent.action.MY_PACKAGE_REPLACED" />
74-->[:flutter_local_notifications] AndroidManifest.xml:27:17-84
74-->[:flutter_local_notifications] AndroidManifest.xml:27:25-81
75                <action android:name="android.intent.action.QUICKBOOT_POWERON" />
75-->[:flutter_local_notifications] AndroidManifest.xml:28:17-82
75-->[:flutter_local_notifications] AndroidManifest.xml:28:25-79
76                <action android:name="com.htc.intent.action.QUICKBOOT_POWERON" />
76-->[:flutter_local_notifications] AndroidManifest.xml:29:17-82
76-->[:flutter_local_notifications] AndroidManifest.xml:29:25-79
77            </intent-filter>
78        </receiver>
79
80        <uses-library
80-->[androidx.window:window:1.0.0-beta04] AndroidManifest.xml:25:9-27:40
81            android:name="androidx.window.extensions"
81-->[androidx.window:window:1.0.0-beta04] AndroidManifest.xml:26:13-54
82            android:required="false" />
82-->[androidx.window:window:1.0.0-beta04] AndroidManifest.xml:27:13-37
83        <uses-library
83-->[androidx.window:window:1.0.0-beta04] AndroidManifest.xml:28:9-30:40
84            android:name="androidx.window.sidecar"
84-->[androidx.window:window:1.0.0-beta04] AndroidManifest.xml:29:13-51
85            android:required="false" />
85-->[androidx.window:window:1.0.0-beta04] AndroidManifest.xml:30:13-37
86    </application>
87
88</manifest>